app/build/outputs/logs/manifest-merger-debug-report.txt
-- Merging decision tree log ---
manifest
ADDED from src/main/AndroidManifest.xml:2:1-31:12
INJECTED from src/main/AndroidManifest.xml:2:1-31:12
INJECTED from src/main/AndroidManifest.xml:2:1-31:12
INJECTED from src/main/AndroidManifest.xml:2:1-31:12
MERGED from [com.jakewharton:butterknife:8.5.1] AndroidManifest.xml:2:1-7:12
MERGED from [com.andkulikov:transitionseverywhere:1.7.4] AndroidManifest.xml:2:1-14:12
MERGED from [com.android.support:design:26.1.0] AndroidManifest.xml:17:1-31:12
MERGED from [com.android.support:appcompat-v7:26.1.0] AndroidManifest.xml:17:1-31:12
MERGED from [com.android.support:transition:26.1.0] AndroidManifest.xml:17:1-28:12
MERGED from [me.dm7.barcodescanner:zxing:1.9] AndroidManifest.xml:2:1-13:12
MERGED from [me.dm7.barcodescanner:core:1.9] AndroidManifest.xml:2:1-13:12
MERGED from [com.google.firebase:firebase-auth:12.0.1] AndroidManifest.xml:17:1-32:12
MERGED from [com.google.android.gms:play-services-base:12.0.1] AndroidManifest.xml:17:1-29:12
MERGED from [com.google.firebase:firebase-core:12.0.1] AndroidManifest.xml:2:1-6:12
MERGED from [com.google.firebase:firebase-analytics:12.0.1] AndroidManifest.xml:17:1-54:12
MERGED from [com.google.firebase:firebase-analytics-impl:12.0.1] AndroidManifest.xml:17:1-40:12
MERGED from [com.google.firebase:firebase-iid:12.0.1] AndroidManifest.xml:17:1-59:12
MERGED from [com.google.firebase:firebase-common:12.0.1] AndroidManifest.xml:2:1-15:12
MERGED from [com.google.android.gms:play-services-tasks:12.0.1] AndroidManifest.xml:2:1-9:12
MERGED from [com.google.android.gms:play-services-basement:12.0.1] AndroidManifest.xml:17:1-28:12
MERGED from [com.android.support:support-v4:26.1.0] AndroidManifest.xml:17:1-31:12
MERGED from [com.android.support:recyclerview-v7:26.1.0] AndroidManifest.xml:17:1-28:12
MERGED from [net.yslibrary.keyboardvisibilityevent:keyboardvisibilityevent:2.1.0] AndroidManifest.xml:2:1-12:12
MERGED from [com.github.Q42:AndroidScrollingImageView:1.2] AndroidManifest.xml:2:1-12:12
MERGED from [com.android.support.constraint:constraint-layout:1.0.2] AndroidManifest.xml:2:1-11:12
MERGED from [com.android.support:animated-vector-drawable:26.1.0] AndroidManifest.xml:17:1-28:12
MERGED from [com.android.support:support-fragment:26.1.0] AndroidManifest.xml:17:1-31:12
MERGED from [com.android.support:support-core-ui:26.1.0] AndroidManifest.xml:17:1-31:12
MERGED from [com.android.support:support-vector-drawable:26.1.0] AndroidManifest.xml:17:1-28:12
MERGED from [com.android.support:support-media-compat:26.1.0] AndroidManifest.xml:17:1-31:12
MERGED from [com.android.support:support-core-utils:26.1.0] AndroidManifest.xml:17:1-31:12
MERGED from [com.android.support:support-compat:26.1.0] AndroidManifest.xml:17:1-31:12
MERGED from [com.google.firebase:firebase-auth-license:12.0.1] AndroidManifest.xml:17:1-24:12
MERGED from [com.google.android.gms:play-services-base-license:12.0.1] AndroidManifest.xml:17:1-24:12
MERGED from [com.google.android.gms:play-services-basement-license:12.0.1] AndroidManifest.xml:17:1-24:12
MERGED from [com.google.firebase:firebase-common-license:12.0.1] AndroidManifest.xml:17:1-24:12
MERGED from [com.google.android.gms:play-services-tasks-license:12.0.1] AndroidManifest.xml:17:1-24:12
MERGED from [com.google.firebase:firebase-analytics-license:12.0.1] AndroidManifest.xml:17:1-24:12
MERGED from [com.google.firebase:firebase-analytics-impl-license:12.0.1] AndroidManifest.xml:17:1-24:12
MERGED from [com.google.firebase:firebase-iid-license:12.0.1] AndroidManifest.xml:17:1-24:12
MERGED from [android.arch.lifecycle:runtime:1.0.0] AndroidManifest.xml:17:1-30:12
INJECTED from src/main/AndroidManifest.xml:2:1-31:12
INJECTED from src/main/AndroidManifest.xml:2:1-31:12
INJECTED from src/main/AndroidManifest.xml:2:1-31:12
	package
		ADDED from src/main/AndroidManifest.xml:3:5-37
		INJECTED from src/main/AndroidManifest.xml
		INJECTED from src/main/AndroidManifest.xml
	android:versionName
		INJECTED from src/main/AndroidManifest.xml
		ADDED from src/main/AndroidManifest.xml:2:1-31:12
		INJECTED from src/main/AndroidManifest.xml
	android:versionCode
		INJECTED from src/main/AndroidManifest.xml
		ADDED from src/main/AndroidManifest.xml:2:1-31:12
		INJECTED from src/main/AndroidManifest.xml
	xmlns:android
		ADDED from src/main/AndroidManifest.xml:2:11-69
uses-permission#android.permission.CAMERA
ADDED from src/main/AndroidManifest.xml:5:5-65
	android:name
		ADDED from src/main/AndroidManifest.xml:5:22-62
uses-permission#android.permission.INTERNET
ADDED from src/main/AndroidManifest.xml:6:5-67
MERGED from [com.google.firebase:firebase-analytics:12.0.1] AndroidManifest.xml:23:5-67
MERGED from [com.google.firebase:firebase-analytics:12.0.1] AndroidManifest.xml:23:5-67
MERGED from [com.google.firebase:firebase-analytics-impl:12.0.1] AndroidManifest.xml:23:5-67
MERGED from [com.google.firebase:firebase-analytics-impl:12.0.1] AndroidManifest.xml:23:5-67
MERGED from [com.google.firebase:firebase-iid:12.0.1] AndroidManifest.xml:23:5-67
MERGED from [com.google.firebase:firebase-iid:12.0.1] AndroidManifest.xml:23:5-67
	android:name
		ADDED from src/main/AndroidManifest.xml:6:22-64
application
ADDED from src/main/AndroidManifest.xml:8:5-29:19
MERGED from [com.andkulikov:transitionseverywhere:1.7.4] AndroidManifest.xml:12:5-20
MERGED from [com.andkulikov:transitionseverywhere:1.7.4] AndroidManifest.xml:12:5-20
MERGED from [com.android.support:design:26.1.0] AndroidManifest.xml:25:5-29:19
MERGED from [com.android.support:design:26.1.0] AndroidManifest.xml:25:5-29:19
MERGED from [com.android.support:appcompat-v7:26.1.0] AndroidManifest.xml:25:5-29:19
MERGED from [com.android.support:appcompat-v7:26.1.0] AndroidManifest.xml:25:5-29:19
MERGED from [com.android.support:transition:26.1.0] AndroidManifest.xml:22:5-26:19
MERGED from [com.android.support:transition:26.1.0] AndroidManifest.xml:22:5-26:19
MERGED from [me.dm7.barcodescanner:zxing:1.9] AndroidManifest.xml:11:5-20
MERGED from [me.dm7.barcodescanner:zxing:1.9] AndroidManifest.xml:11:5-20
MERGED from [me.dm7.barcodescanner:core:1.9] AndroidManifest.xml:11:5-20
MERGED from [me.dm7.barcodescanner:core:1.9] AndroidManifest.xml:11:5-20
MERGED from [com.google.firebase:firebase-auth:12.0.1] AndroidManifest.xml:22:5-30:19
MERGED from [com.google.firebase:firebase-auth:12.0.1] AndroidManifest.xml:22:5-30:19
MERGED from [com.google.android.gms:play-services-base:12.0.1] AndroidManifest.xml:22:5-27:19
MERGED from [com.google.android.gms:play-services-base:12.0.1] AndroidManifest.xml:22:5-27:19
MERGED from [com.google.firebase:firebase-core:12.0.1] AndroidManifest.xml:5:5-20
MERGED from [com.google.firebase:firebase-core:12.0.1] AndroidManifest.xml:5:5-20
MERGED from [com.google.firebase:firebase-analytics:12.0.1] AndroidManifest.xml:27:5-52:19
MERGED from [com.google.firebase:firebase-analytics:12.0.1] AndroidManifest.xml:27:5-52:19
MERGED from [com.google.firebase:firebase-analytics-impl:12.0.1] AndroidManifest.xml:27:5-38:19
MERGED from [com.google.firebase:firebase-analytics-impl:12.0.1] AndroidManifest.xml:27:5-38:19
MERGED from [com.google.firebase:firebase-iid:12.0.1] AndroidManifest.xml:34:5-57:19
MERGED from [com.google.firebase:firebase-iid:12.0.1] AndroidManifest.xml:34:5-57:19
MERGED from [com.google.firebase:firebase-common:12.0.1] AndroidManifest.xml:7:5-13:19
MERGED from [com.google.firebase:firebase-common:12.0.1] AndroidManifest.xml:7:5-13:19
MERGED from [com.google.android.gms:play-services-tasks:12.0.1] AndroidManifest.xml:7:5-20
MERGED from [com.google.android.gms:play-services-tasks:12.0.1] AndroidManifest.xml:7:5-20
MERGED from [com.google.android.gms:play-services-basement:12.0.1] AndroidManifest.xml:22:5-26:19
MERGED from [com.google.android.gms:play-services-basement:12.0.1] AndroidManifest.xml:22:5-26:19
MERGED from [com.android.support:support-v4:26.1.0] AndroidManifest.xml:25:5-29:19
MERGED from [com.android.support:support-v4:26.1.0] AndroidManifest.xml:25:5-29:19
MERGED from [com.android.support:recyclerview-v7:26.1.0] AndroidManifest.xml:22:5-26:19
MERGED from [com.android.support:recyclerview-v7:26.1.0] AndroidManifest.xml:22:5-26:19
MERGED from [com.android.support.constraint:constraint-layout:1.0.2] AndroidManifest.xml:9:5-20
MERGED from [com.android.support.constraint:constraint-layout:1.0.2] AndroidManifest.xml:9:5-20
MERGED from [com.android.support:animated-vector-drawable:26.1.0] AndroidManifest.xml:22:5-26:19
MERGED from [com.android.support:animated-vector-drawable:26.1.0] AndroidManifest.xml:22:5-26:19
MERGED from [com.android.support:support-fragment:26.1.0] AndroidManifest.xml:25:5-29:19
MERGED from [com.android.support:support-fragment:26.1.0] AndroidManifest.xml:25:5-29:19
MERGED from [com.android.support:support-core-ui:26.1.0] AndroidManifest.xml:25:5-29:19
MERGED from [com.android.support:support-core-ui:26.1.0] AndroidManifest.xml:25:5-29:19
MERGED from [com.android.support:support-vector-drawable:26.1.0] AndroidManifest.xml:22:5-26:19
MERGED from [com.android.support:support-vector-drawable:26.1.0] AndroidManifest.xml:22:5-26:19
MERGED from [com.android.support:support-media-compat:26.1.0] AndroidManifest.xml:25:5-29:19
MERGED from [com.android.support:support-media-compat:26.1.0] AndroidManifest.xml:25:5-29:19
MERGED from [com.android.support:support-core-utils:26.1.0] AndroidManifest.xml:25:5-29:19
MERGED from [com.android.support:support-core-utils:26.1.0] AndroidManifest.xml:25:5-29:19
MERGED from [com.android.support:support-compat:26.1.0] AndroidManifest.xml:25:5-29:19
MERGED from [com.android.support:support-compat:26.1.0] AndroidManifest.xml:25:5-29:19
MERGED from [com.google.firebase:firebase-auth-license:12.0.1] AndroidManifest.xml:22:5-20
MERGED from [com.google.firebase:firebase-auth-license:12.0.1] AndroidManifest.xml:22:5-20
MERGED from [com.google.android.gms:play-services-base-license:12.0.1] AndroidManifest.xml:22:5-20
MERGED from [com.google.android.gms:play-services-base-license:12.0.1] AndroidManifest.xml:22:5-20
MERGED from [com.google.android.gms:play-services-basement-license:12.0.1] AndroidManifest.xml:22:5-20
MERGED from [com.google.android.gms:play-services-basement-license:12.0.1] AndroidManifest.xml:22:5-20
MERGED from [com.google.firebase:firebase-common-license:12.0.1] AndroidManifest.xml:22:5-20
MERGED from [com.google.firebase:firebase-common-license:12.0.1] AndroidManifest.xml:22:5-20
MERGED from [com.google.android.gms:play-services-tasks-license:12.0.1] AndroidManifest.xml:22:5-20
MERGED from [com.google.android.gms:play-services-tasks-license:12.0.1] AndroidManifest.xml:22:5-20
MERGED from [com.google.firebase:firebase-analytics-license:12.0.1] AndroidManifest.xml:22:5-20
MERGED from [com.google.firebase:firebase-analytics-license:12.0.1] AndroidManifest.xml:22:5-20
MERGED from [com.google.firebase:firebase-analytics-impl-license:12.0.1] AndroidManifest.xml:22:5-20
MERGED from [com.google.firebase:firebase-analytics-impl-license:12.0.1] AndroidManifest.xml:22:5-20
MERGED from [com.google.firebase:firebase-iid-license:12.0.1] AndroidManifest.xml:22:5-20
MERGED from [com.google.firebase:firebase-iid-license:12.0.1] AndroidManifest.xml:22:5-20
MERGED from [android.arch.lifecycle:runtime:1.0.0] AndroidManifest.xml:24:5-28:19
MERGED from [android.arch.lifecycle:runtime:1.0.0] AndroidManifest.xml:24:5-28:19
	android:supportsRtl
		ADDED from src/main/AndroidManifest.xml:13:9-35
	android:label
		ADDED from src/main/AndroidManifest.xml:11:9-41
	android:roundIcon
		ADDED from src/main/AndroidManifest.xml:12:9-54
	android:icon
		ADDED from src/main/AndroidManifest.xml:10:9-43
	android:allowBackup
		ADDED from src/main/AndroidManifest.xml:9:9-35
	android:theme
		ADDED from src/main/AndroidManifest.xml:14:9-59
activity#com.madless.erasmusapp.SplashScreenActivity
ADDED from src/main/AndroidManifest.xml:15:9-22:20
	android:name
		ADDED from src/main/AndroidManifest.xml:15:19-55
intent-filter#action:name:android.intent.action.MAIN+action:name:android.intent.action.VIEW+category:name:android.intent.category.LAUNCHER
ADDED from src/main/AndroidManifest.xml:16:13-21:29
action#android.intent.action.VIEW
ADDED from src/main/AndroidManifest.xml:17:17-69
	android:name
		ADDED from src/main/AndroidManifest.xml:17:25-66
action#android.intent.action.MAIN
ADDED from src/main/AndroidManifest.xml:18:17-69
	android:name
		ADDED from src/main/AndroidManifest.xml:18:25-66
category#android.intent.category.LAUNCHER
ADDED from src/main/AndroidManifest.xml:20:17-77
	android:name
		ADDED from src/main/AndroidManifest.xml:20:27-74
activity#com.madless.erasmusapp.MenuActivity
ADDED from src/main/AndroidManifest.xml:23:9-50
	android:name
		ADDED from src/main/AndroidManifest.xml:23:19-47
activity#com.madless.erasmusapp.LoginActivity
ADDED from src/main/AndroidManifest.xml:24:9-26:52
	android:screenOrientation
		ADDED from src/main/AndroidManifest.xml:26:13-49
	android:name
		ADDED from src/main/AndroidManifest.xml:25:13-42
activity#com.madless.erasmusapp.TripsList
ADDED from src/main/AndroidManifest.xml:27:9-47
	android:name
		ADDED from src/main/AndroidManifest.xml:27:19-44
activity#com.madless.erasmusapp.TripsFragment
ADDED from src/main/AndroidManifest.xml:28:9-60
	android:name
		ADDED from src/main/AndroidManifest.xml:28:19-48
uses-sdk
INJECTED from src/main/AndroidManifest.xml reason: use-sdk injection requested
INJECTED from src/main/AndroidManifest.xml
INJECTED from src/main/AndroidManifest.xml
MERGED from [com.jakewharton:butterknife:8.5.1] AndroidManifest.xml:5:5-43
MERGED from [com.jakewharton:butterknife:8.5.1] AndroidManifest.xml:5:5-43
MERGED from [com.andkulikov:transitionseverywhere:1.7.4] AndroidManifest.xml:8:5-10:41
MERGED from [com.andkulikov:transitionseverywhere:1.7.4] AndroidManifest.xml:8:5-10:41
MERGED from [com.android.support:design:26.1.0] AndroidManifest.xml:21:5-23:62
MERGED from [com.android.support:design:26.1.0] AndroidManifest.xml:21:5-23:62
MERGED from [com.android.support:appcompat-v7:26.1.0] AndroidManifest.xml:21:5-23:78
MERGED from [com.android.support:appcompat-v7:26.1.0] AndroidManifest.xml:21:5-23:78
MERGED from [com.android.support:transition:26.1.0] AndroidManifest.xml:20:5-44
MERGED from [com.android.support:transition:26.1.0] AndroidManifest.xml:20:5-44
MERGED from [me.dm7.barcodescanner:zxing:1.9] AndroidManifest.xml:7:5-9:41
MERGED from [me.dm7.barcodescanner:zxing:1.9] AndroidManifest.xml:7:5-9:41
MERGED from [me.dm7.barcodescanner:core:1.9] AndroidManifest.xml:7:5-9:41
MERGED from [me.dm7.barcodescanner:core:1.9] AndroidManifest.xml:7:5-9:41
MERGED from [com.google.firebase:firebase-auth:12.0.1] AndroidManifest.xml:20:5-44
MERGED from [com.google.firebase:firebase-auth:12.0.1] AndroidManifest.xml:20:5-44
MERGED from [com.google.android.gms:play-services-base:12.0.1] AndroidManifest.xml:20:5-44
MERGED from [com.google.android.gms:play-services-base:12.0.1] AndroidManifest.xml:20:5-44
MERGED from [com.google.firebase:firebase-core:12.0.1] AndroidManifest.xml:4:5-43
MERGED from [com.google.firebase:firebase-core:12.0.1] AndroidManifest.xml:4:5-43
MERGED from [com.google.firebase:firebase-analytics:12.0.1] AndroidManifest.xml:20:5-44
MERGED from [com.google.firebase:firebase-analytics:12.0.1] AndroidManifest.xml:20:5-44
MERGED from [com.google.firebase:firebase-analytics-impl:12.0.1] AndroidManifest.xml:20:5-44
MERGED from [com.google.firebase:firebase-analytics-impl:12.0.1] AndroidManifest.xml:20:5-44
MERGED from [com.google.firebase:firebase-iid:12.0.1] AndroidManifest.xml:20:5-44
MERGED from [com.google.firebase:firebase-iid:12.0.1] AndroidManifest.xml:20:5-44
MERGED from [com.google.firebase:firebase-common:12.0.1] AndroidManifest.xml:5:5-44
MERGED from [com.google.firebase:firebase-common:12.0.1] AndroidManifest.xml:5:5-44
MERGED from [com.google.android.gms:play-services-tasks:12.0.1] AndroidManifest.xml:5:5-44
MERGED from [com.google.android.gms:play-services-tasks:12.0.1] AndroidManifest.xml:5:5-44
MERGED from [com.google.android.gms:play-services-basement:12.0.1] AndroidManifest.xml:20:5-44
MERGED from [com.google.android.gms:play-services-basement:12.0.1] AndroidManifest.xml:20:5-44
MERGED from [com.android.support:support-v4:26.1.0] AndroidManifest.xml:21:5-23:54
MERGED from [com.android.support:support-v4:26.1.0] AndroidManifest.xml:21:5-23:54
MERGED from [com.android.support:recyclerview-v7:26.1.0] AndroidManifest.xml:20:5-44
MERGED from [com.android.support:recyclerview-v7:26.1.0] AndroidManifest.xml:20:5-44
MERGED from [net.yslibrary.keyboardvisibilityevent:keyboardvisibilityevent:2.1.0] AndroidManifest.xml:8:5-10:41
MERGED from [net.yslibrary.keyboardvisibilityevent:keyboardvisibilityevent:2.1.0] AndroidManifest.xml:8:5-10:41
MERGED from [com.github.Q42:AndroidScrollingImageView:1.2] AndroidManifest.xml:8:5-10:41
MERGED from [com.github.Q42:AndroidScrollingImageView:1.2] AndroidManifest.xml:8:5-10:41
MERGED from [com.android.support.constraint:constraint-layout:1.0.2] AndroidManifest.xml:5:5-7:41
MERGED from [com.android.support.constraint:constraint-layout:1.0.2] AndroidManifest.xml:5:5-7:41
MERGED from [com.android.support:animated-vector-drawable:26.1.0] AndroidManifest.xml:20:5-44
MERGED from [com.android.support:animated-vector-drawable:26.1.0] AndroidManifest.xml:20:5-44
MERGED from [com.android.support:support-fragment:26.1.0] AndroidManifest.xml:21:5-23:60
MERGED from [com.android.support:support-fragment:26.1.0] AndroidManifest.xml:21:5-23:60
MERGED from [com.android.support:support-core-ui:26.1.0] AndroidManifest.xml:21:5-23:58
MERGED from [com.android.support:support-core-ui:26.1.0] AndroidManifest.xml:21:5-23:58
MERGED from [com.android.support:support-vector-drawable:26.1.0] AndroidManifest.xml:20:5-44
MERGED from [com.android.support:support-vector-drawable:26.1.0] AndroidManifest.xml:20:5-44
MERGED from [com.android.support:support-media-compat:26.1.0] AndroidManifest.xml:21:5-23:63
MERGED from [com.android.support:support-media-compat:26.1.0] AndroidManifest.xml:21:5-23:63
MERGED from [com.android.support:support-core-utils:26.1.0] AndroidManifest.xml:21:5-23:61
MERGED from [com.android.support:support-core-utils:26.1.0] AndroidManifest.xml:21:5-23:61
MERGED from [com.android.support:support-compat:26.1.0] AndroidManifest.xml:21:5-23:58
MERGED from [com.android.support:support-compat:26.1.0] AndroidManifest.xml:21:5-23:58
MERGED from [com.google.firebase:firebase-auth-license:12.0.1] AndroidManifest.xml:20:5-44
MERGED from [com.google.firebase:firebase-auth-license:12.0.1] AndroidManifest.xml:20:5-44
MERGED from [com.google.android.gms:play-services-base-license:12.0.1] AndroidManifest.xml:20:5-44
MERGED from [com.google.android.gms:play-services-base-license:12.0.1] AndroidManifest.xml:20:5-44
MERGED from [com.google.android.gms:play-services-basement-license:12.0.1] AndroidManifest.xml:20:5-44
MERGED from [com.google.android.gms:play-services-basement-license:12.0.1] AndroidManifest.xml:20:5-44
MERGED from [com.google.firebase:firebase-common-license:12.0.1] AndroidManifest.xml:20:5-44
MERGED from [com.google.firebase:firebase-common-license:12.0.1] AndroidManifest.xml:20:5-44
MERGED from [com.google.android.gms:play-services-tasks-license:12.0.1] AndroidManifest.xml:20:5-44
MERGED from [com.google.android.gms:play-services-tasks-license:12.0.1] AndroidManifest.xml:20:5-44
MERGED from [com.google.firebase:firebase-analytics-license:12.0.1] AndroidManifest.xml:20:5-44
MERGED from [com.google.firebase:firebase-analytics-license:12.0.1] AndroidManifest.xml:20:5-44
MERGED from [com.google.firebase:firebase-analytics-impl-license:12.0.1] AndroidManifest.xml:20:5-44
MERGED from [com.google.firebase:firebase-analytics-impl-license:12.0.1] AndroidManifest.xml:20:5-44
MERGED from [com.google.firebase:firebase-iid-license:12.0.1] AndroidManifest.xml:20:5-44
MERGED from [com.google.firebase:firebase-iid-license:12.0.1] AndroidManifest.xml:20:5-44
MERGED from [android.arch.lifecycle:runtime:1.0.0] AndroidManifest.xml:20:5-22:41
MERGED from [android.arch.lifecycle:runtime:1.0.0] AndroidManifest.xml:20:5-22:41
INJECTED from src/main/AndroidManifest.xml
INJECTED from src/main/AndroidManifest.xml
	tools:overrideLibrary
		ADDED from [com.android.support:design:26.1.0] AndroidManifest.xml:23:9-59
	android:targetSdkVersion
		INJECTED from src/main/AndroidManifest.xml
		ADDED from src/main/AndroidManifest.xml
		INJECTED from src/main/AndroidManifest.xml
	android:minSdkVersion
		INJECTED from src/main/AndroidManifest.xml
		ADDED from src/main/AndroidManifest.xml
		INJECTED from src/main/AndroidManifest.xml
meta-data#android.support.VERSION
ADDED from [com.android.support:design:26.1.0] AndroidManifest.xml:26:9-28:38
MERGED from [com.android.support:appcompat-v7:26.1.0] AndroidManifest.xml:26:9-28:38
MERGED from [com.android.support:appcompat-v7:26.1.0] AndroidManifest.xml:26:9-28:38
MERGED from [com.android.support:transition:26.1.0] AndroidManifest.xml:23:9-25:38
MERGED from [com.android.support:transition:26.1.0] AndroidManifest.xml:23:9-25:38
MERGED from [com.android.support:support-v4:26.1.0] AndroidManifest.xml:26:9-28:38
MERGED from [com.android.support:support-v4:26.1.0] AndroidManifest.xml:26:9-28:38
MERGED from [com.android.support:recyclerview-v7:26.1.0] AndroidManifest.xml:23:9-25:38
MERGED from [com.android.support:recyclerview-v7:26.1.0] AndroidManifest.xml:23:9-25:38
MERGED from [com.android.support:animated-vector-drawable:26.1.0] AndroidManifest.xml:23:9-25:38
MERGED from [com.android.support:animated-vector-drawable:26.1.0] AndroidManifest.xml:23:9-25:38
MERGED from [com.android.support:support-fragment:26.1.0] AndroidManifest.xml:26:9-28:38
MERGED from [com.android.support:support-fragment:26.1.0] AndroidManifest.xml:26:9-28:38
MERGED from [com.android.support:support-core-ui:26.1.0] AndroidManifest.xml:26:9-28:38
MERGED from [com.android.support:support-core-ui:26.1.0] AndroidManifest.xml:26:9-28:38
MERGED from [com.android.support:support-vector-drawable:26.1.0] AndroidManifest.xml:23:9-25:38
MERGED from [com.android.support:support-vector-drawable:26.1.0] AndroidManifest.xml:23:9-25:38
MERGED from [com.android.support:support-media-compat:26.1.0] AndroidManifest.xml:26:9-28:38
MERGED from [com.android.support:support-media-compat:26.1.0] AndroidManifest.xml:26:9-28:38
MERGED from [com.android.support:support-core-utils:26.1.0] AndroidManifest.xml:26:9-28:38
MERGED from [com.android.support:support-core-utils:26.1.0] AndroidManifest.xml:26:9-28:38
MERGED from [com.android.support:support-compat:26.1.0] AndroidManifest.xml:26:9-28:38
MERGED from [com.android.support:support-compat:26.1.0] AndroidManifest.xml:26:9-28:38
	android:value
		ADDED from [com.android.support:design:26.1.0] AndroidManifest.xml:28:13-35
	android:name
		ADDED from [com.android.support:design:26.1.0] AndroidManifest.xml:27:13-51
activity#com.google.firebase.auth.internal.FederatedSignInActivity
ADDED from [com.google.firebase:firebase-auth:12.0.1] AndroidManifest.xml:23:9-29:75
	android:excludeFromRecents
		ADDED from [com.google.firebase:firebase-auth:12.0.1] AndroidManifest.xml:25:13-46
	android:launchMode
		ADDED from [com.google.firebase:firebase-auth:12.0.1] AndroidManifest.xml:27:13-48
	android:exported
		ADDED from [com.google.firebase:firebase-auth:12.0.1] AndroidManifest.xml:26:13-36
	android:permission
		ADDED from [com.google.firebase:firebase-auth:12.0.1] AndroidManifest.xml:28:13-102
	android:theme
		ADDED from [com.google.firebase:firebase-auth:12.0.1] AndroidManifest.xml:29:13-72
	android:name
		ADDED from [com.google.firebase:firebase-auth:12.0.1] AndroidManifest.xml:24:13-85
activity#com.google.android.gms.common.api.GoogleApiActivity
ADDED from [com.google.android.gms:play-services-base:12.0.1] AndroidManifest.xml:23:9-26:75
	android:exported
		ADDED from [com.google.android.gms:play-services-base:12.0.1] AndroidManifest.xml:25:13-37
	android:theme
		ADDED from [com.google.android.gms:play-services-base:12.0.1] AndroidManifest.xml:26:13-72
	android:name
		ADDED from [com.google.android.gms:play-services-base:12.0.1] AndroidManifest.xml:24:13-79
uses-permission#android.permission.ACCESS_NETWORK_STATE
ADDED from [com.google.firebase:firebase-analytics:12.0.1] AndroidManifest.xml:24:5-79
MERGED from [com.google.firebase:firebase-analytics-impl:12.0.1] AndroidManifest.xml:24:5-79
MERGED from [com.google.firebase:firebase-analytics-impl:12.0.1] AndroidManifest.xml:24:5-79
MERGED from [com.google.firebase:firebase-iid:12.0.1] AndroidManifest.xml:22:5-79
MERGED from [com.google.firebase:firebase-iid:12.0.1] AndroidManifest.xml:22:5-79
	android:name
		ADDED from [com.google.firebase:firebase-analytics:12.0.1] AndroidManifest.xml:24:22-76
uses-permission#android.permission.WAKE_LOCK
ADDED from [com.google.firebase:firebase-analytics:12.0.1] AndroidManifest.xml:25:5-68
MERGED from [com.google.firebase:firebase-analytics-impl:12.0.1] AndroidManifest.xml:25:5-68
MERGED from [com.google.firebase:firebase-analytics-impl:12.0.1] AndroidManifest.xml:25:5-68
MERGED from [com.google.firebase:firebase-iid:12.0.1] AndroidManifest.xml:24:5-68
MERGED from [com.google.firebase:firebase-iid:12.0.1] AndroidManifest.xml:24:5-68
	android:name
		ADDED from [com.google.firebase:firebase-analytics:12.0.1] AndroidManifest.xml:25:22-65
receiver#com.google.android.gms.measurement.AppMeasurementReceiver
ADDED from [com.google.firebase:firebase-analytics:12.0.1] AndroidManifest.xml:28:9-32:20
MERGED from [com.google.firebase:firebase-analytics-impl:12.0.1] AndroidManifest.xml:28:9-32:20
MERGED from [com.google.firebase:firebase-analytics-impl:12.0.1] AndroidManifest.xml:28:9-32:20
	android:enabled
		ADDED from [com.google.firebase:firebase-analytics:12.0.1] AndroidManifest.xml:30:13-35
	android:exported
		ADDED from [com.google.firebase:firebase-analytics:12.0.1] AndroidManifest.xml:31:13-37
	android:name
		ADDED from [com.google.firebase:firebase-analytics:12.0.1] AndroidManifest.xml:29:13-85
receiver#com.google.android.gms.measurement.AppMeasurementInstallReferrerReceiver
ADDED from [com.google.firebase:firebase-analytics:12.0.1] AndroidManifest.xml:33:9-41:20
	android:enabled
		ADDED from [com.google.firebase:firebase-analytics:12.0.1] AndroidManifest.xml:35:13-35
	android:exported
		ADDED from [com.google.firebase:firebase-analytics:12.0.1] AndroidManifest.xml:36:13-36
	android:permission
		ADDED from [com.google.firebase:firebase-analytics:12.0.1] AndroidManifest.xml:37:13-69
	android:name
		ADDED from [com.google.firebase:firebase-analytics:12.0.1] AndroidManifest.xml:34:13-100
intent-filter#action:name:com.android.vending.INSTALL_REFERRER
ADDED from [com.google.firebase:firebase-analytics:12.0.1] AndroidManifest.xml:38:13-40:29
action#com.android.vending.INSTALL_REFERRER
ADDED from [com.google.firebase:firebase-analytics:12.0.1] AndroidManifest.xml:39:17-79
	android:name
		ADDED from [com.google.firebase:firebase-analytics:12.0.1] AndroidManifest.xml:39:25-76
service#com.google.android.gms.measurement.AppMeasurementService
ADDED from [com.google.firebase:firebase-analytics:12.0.1] AndroidManifest.xml:43:9-46:40
MERGED from [com.google.firebase:firebase-analytics-impl:12.0.1] AndroidManifest.xml:34:9-37:40
MERGED from [com.google.firebase:firebase-analytics-impl:12.0.1] AndroidManifest.xml:34:9-37:40
	android:enabled
		ADDED from [com.google.firebase:firebase-analytics:12.0.1] AndroidManifest.xml:45:13-35
	android:exported
		ADDED from [com.google.firebase:firebase-analytics:12.0.1] AndroidManifest.xml:46:13-37
	android:name
		ADDED from [com.google.firebase:firebase-analytics:12.0.1] AndroidManifest.xml:44:13-84
service#com.google.android.gms.measurement.AppMeasurementJobService
ADDED from [com.google.firebase:firebase-analytics:12.0.1] AndroidManifest.xml:47:9-51:72
	android:enabled
		ADDED from [com.google.firebase:firebase-analytics:12.0.1] AndroidManifest.xml:49:13-35
	android:exported
		ADDED from [com.google.firebase:firebase-analytics:12.0.1] AndroidManifest.xml:50:13-37
	android:permission
		ADDED from [com.google.firebase:firebase-analytics:12.0.1] AndroidManifest.xml:51:13-69
	android:name
		ADDED from [com.google.firebase:firebase-analytics:12.0.1] AndroidManifest.xml:48:13-87
uses-permission#com.google.android.c2dm.permission.RECEIVE
ADDED from [com.google.firebase:firebase-iid:12.0.1] AndroidManifest.xml:26:5-82
	android:name
		ADDED from [com.google.firebase:firebase-iid:12.0.1] AndroidManifest.xml:26:22-79
permission#${applicationId}.permission.C2D_MESSAGE
ADDED from [com.google.firebase:firebase-iid:12.0.1] AndroidManifest.xml:28:5-30:47
	android:protectionLevel
		ADDED from [com.google.firebase:firebase-iid:12.0.1] AndroidManifest.xml:30:9-44
	android:name
		ADDED from [com.google.firebase:firebase-iid:12.0.1] AndroidManifest.xml:29:9-63
permission#com.madless.erasmusapp.permission.C2D_MESSAGE
ADDED from [com.google.firebase:firebase-iid:12.0.1] AndroidManifest.xml:28:5-30:47
	android:protectionLevel
		ADDED from [com.google.firebase:firebase-iid:12.0.1] AndroidManifest.xml:30:9-44
	android:name
		ADDED from [com.google.firebase:firebase-iid:12.0.1] AndroidManifest.xml:29:9-63
uses-permission#${applicationId}.permission.C2D_MESSAGE
ADDED from [com.google.firebase:firebase-iid:12.0.1] AndroidManifest.xml:32:5-79
	android:name
		ADDED from [com.google.firebase:firebase-iid:12.0.1] AndroidManifest.xml:32:22-76
uses-permission#com.madless.erasmusapp.permission.C2D_MESSAGE
ADDED from [com.google.firebase:firebase-iid:12.0.1] AndroidManifest.xml:32:5-79
	android:name
		ADDED from [com.google.firebase:firebase-iid:12.0.1] AndroidManifest.xml:32:22-76
receiver#com.google.firebase.iid.FirebaseInstanceIdReceiver
ADDED from [com.google.firebase:firebase-iid:12.0.1] AndroidManifest.xml:35:9-44:20
	android:exported
		ADDED from [com.google.firebase:firebase-iid:12.0.1] AndroidManifest.xml:37:13-36
	android:permission
		ADDED from [com.google.firebase:firebase-iid:12.0.1] AndroidManifest.xml:38:13-73
	android:name
		ADDED from [com.google.firebase:firebase-iid:12.0.1] AndroidManifest.xml:36:13-78